<?xml version="1.0" encoding="UTF-8"?>
<testng-results ignored="0" total="1" passed="1" failed="0" skipped="0">
  <reporter-output>
  </reporter-output>
  <suite started-at="2026-07-02T13:04:56 IST" name="Default suite" finished-at="2026-07-02T13:04:56 IST" duration-ms="33">
    <groups>
    </groups>
    <test started-at="2026-07-02T13:04:56 IST" name="Default test" finished-at="2026-07-02T13:04:56 IST" duration-ms="33">
      <class name="CiCdGitJenkinsIntegrationPackage.CICDGitJenkinsIntegrationClass">
        <test-method signature="SimpleMethod()[pri:0, instance:CiCdGitJenkinsIntegrationPackage.CICDGitJenkinsIntegrationClass@6865c751]" started-at="2026-07-02T13:04:56 IST" name="SimpleMethod" finished-at="2026-07-02T13:04:56 IST" duration-ms="8" status="PASS">
          <reporter-output>
          </reporter-output>
        </test-method> <!-- SimpleMethod -->
      </class> <!-- CiCdGitJenkinsIntegrationPackage.CICDGitJenkinsIntegrationClass -->
    </test> <!-- Default test -->
  </suite> <!-- Default suite -->
</testng-results>
