<?xml version="1.0" encoding="UTF-8"?>
<!-- Generated by org.testng.reporters.JUnitReportReporter -->
<testsuite hostname="Qaisars-MacBook-Air.local" failures="0" tests="1" name="CiCdGitJenkinsIntegrationPackage.CICDGitJenkinsIntegrationClass" time="0.008" errors="0" timestamp="2026-07-02T13:04:57 IST" skipped="0">
  <testcase classname="CiCdGitJenkinsIntegrationPackage.CICDGitJenkinsIntegrationClass" name="SimpleMethod" time="0.008"/>
  <system-out/>
</testsuite> <!-- CiCdGitJenkinsIntegrationPackage.CICDGitJenkinsIntegrationClass -->
