<?xml version="1.0" encoding="UTF-8"?>
<!-- Generated by org.testng.reporters.JUnitReportReporter -->
<testsuite hostname="Qaisars-MacBook-Air.local" failures="0" tests="1" name="CiCdGitJenkinsIntegrationPackage.CICDGitJenkinsIntegrationClass" time="0.007" errors="0" timestamp="2026-07-02T10:21:20 IST" skipped="0">
  <testcase classname="CiCdGitJenkinsIntegrationPackage.CICDGitJenkinsIntegrationClass" name="SimpleMethod" time="0.007"/>
  <system-out/>
</testsuite> <!-- CiCdGitJenkinsIntegrationPackage.CICDGitJenkinsIntegrationClass -->
